#
# There is insufficient memory for the Java Runtime Environment to continue.
# Native memory allocation (malloc) failed to allocate 99376 bytes for Chunk::new
# Possible reasons:
#   The system is out of physical RAM or swap space
#   The process is running with CompressedOops enabled, and the Java Heap may be blocking the growth of the native heap
# Possible solutions:
#   Reduce memory load on the system
#   Increase physical memory or swap space
#   Check if swap backing store is full
#   Decrease Java heap size (-Xmx/-Xms)
#   Decrease number of Java threads
#   Decrease Java thread stack sizes (-Xss)
#   Set larger code cache with -XX:ReservedCodeCacheSize=
#   JVM is running with Unscaled Compressed Oops mode in which the Java heap is
#     placed in the first 4GB address space. The Java Heap base address is the
#     maximum limit for the native heap growth. Please use -XX:HeapBaseMinAddress
#     to set the Java Heap base and to place the Java Heap above 4GB virtual address.
# This output file may be truncated or incomplete.
#
#  Out of Memory Error (arena.cpp:189), pid=86236, tid=85848
#
# JRE version: Java(TM) SE Runtime Environment (17.0.9+11) (build 17.0.9+11-LTS-201)
# Java VM: Java HotSpot(TM) 64-Bit Server VM (17.0.9+11-LTS-201, mixed mode, sharing, tiered, compressed oops, compressed class ptrs, g1 gc, windows-amd64)
# No core dump will be written. Minidumps are not enabled by default on client versions of Windows
#

---------------  S U M M A R Y ------------

Command Line: -Dfile.encoding=UTF-8 --module-path=C:\Users\Vaibhavi\Documents\NetBeansProjects\Bank Management System\build\classes bank.management.system.Login

Host: AMD Ryzen 5 5500U with Radeon Graphics         , 12 cores, 7G,  Windows 11 , 64 bit Build 22621 (10.0.22621.2506)
Time: Wed Dec  6 13:43:14 2023 India Standard Time elapsed time: 2.007895 seconds (0d 0h 0m 2s)

---------------  T H R E A D  ---------------

Current thread (0x00000171fed39a50):  JavaThread "C2 CompilerThread0" daemon [_thread_in_native, id=85848, stack(0x0000004210300000,0x0000004210400000)]


Current CompileTask:
C2:   2008 1143   !   4       sun.font.TrueTypeFont::getTableBuffer (215 bytes)

Stack: [0x0000004210300000,0x0000004210400000]
Native frames: (J=compiled Java code, j=interpreted, Vv=VM code, C=native code)
V  [jvm.dll+0x678a4a]
V  [jvm.dll+0x7d9cfd]
V  [jvm.dll+0x7db60e]
V  [jvm.dll+0x7dbc73]
V  [jvm.dll+0x245e1f]
V  [jvm.dll+0xaaafb]
V  [jvm.dll+0xab09c]
V  [jvm.dll+0x56288b]
V  [jvm.dll+0x1bb960]
V  [jvm.dll+0x218287]
V  [jvm.dll+0x217561]
V  [jvm.dll+0x1a3bc0]
V  [jvm.dll+0x2272de]
V  [jvm.dll+0x22548b]
V  [jvm.dll+0x78f58c]
V  [jvm.dll+0x78998a]
V  [jvm.dll+0x677875]
C  [ucrtbase.dll+0x29363]
C  [KERNEL32.DLL+0x1257d]
C  [ntdll.dll+0x5aa58]


---------------  P R O C E S S  ---------------

Threads class SMR info:
_java_thread_list=0x00000171dea14ae0, length=17, elements={
0x00000171fed1fd60, 0x00000171fed209e0, 0x00000171fed35140, 0x00000171fed35e20,
0x00000171fed377f0, 0x00000171fed381b0, 0x00000171fed39a50, 0x00000171fed3a500,
0x00000171fed3b310, 0x00000171fed056c0, 0x00000171989da9d0, 0x0000017198c12f80,
0x0000017198c22970, 0x0000017198c26290, 0x00000171dea098b0, 0x00000171dea1f350,
0x00000171deb43b50
}

Java Threads: ( => current thread )
  0x00000171fed1fd60 JavaThread "Reference Handler" daemon [_thread_blocked, id=30800, stack(0x000000420fd00000,0x000000420fe00000)]
  0x00000171fed209e0 JavaThread "Finalizer" daemon [_thread_blocked, id=64444, stack(0x000000420fe00000,0x000000420ff00000)]
  0x00000171fed35140 JavaThread "Signal Dispatcher" daemon [_thread_blocked, id=70824, stack(0x000000420ff00000,0x0000004210000000)]
  0x00000171fed35e20 JavaThread "Attach Listener" daemon [_thread_blocked, id=86352, stack(0x0000004210000000,0x0000004210100000)]
  0x00000171fed377f0 JavaThread "Service Thread" daemon [_thread_blocked, id=63192, stack(0x0000004210100000,0x0000004210200000)]
  0x00000171fed381b0 JavaThread "Monitor Deflation Thread" daemon [_thread_blocked, id=79676, stack(0x0000004210200000,0x0000004210300000)]
=>0x00000171fed39a50 JavaThread "C2 CompilerThread0" daemon [_thread_in_native, id=85848, stack(0x0000004210300000,0x0000004210400000)]
  0x00000171fed3a500 JavaThread "C1 CompilerThread0" daemon [_thread_blocked, id=86948, stack(0x0000004210400000,0x0000004210500000)]
  0x00000171fed3b310 JavaThread "Sweeper thread" daemon [_thread_blocked, id=87300, stack(0x0000004210500000,0x0000004210600000)]
  0x00000171fed056c0 JavaThread "Common-Cleaner" daemon [_thread_blocked, id=86008, stack(0x0000004210600000,0x0000004210700000)]
  0x00000171989da9d0 JavaThread "Notification Thread" daemon [_thread_blocked, id=64656, stack(0x0000004210700000,0x0000004210800000)]
  0x0000017198c12f80 JavaThread "Java2D Disposer" daemon [_thread_blocked, id=87016, stack(0x0000004210900000,0x0000004210a00000)]
  0x0000017198c22970 JavaThread "AWT-Shutdown" [_thread_blocked, id=73784, stack(0x0000004210a00000,0x0000004210b00000)]
  0x0000017198c26290 JavaThread "AWT-Windows" daemon [_thread_in_native, id=86200, stack(0x0000004210b00000,0x0000004210c00000)]
  0x00000171dea098b0 JavaThread "Image Fetcher 0" daemon [_thread_blocked, id=71664, stack(0x0000004210c00000,0x0000004210d00000)]
  0x00000171dea1f350 JavaThread "AWT-EventQueue-0" [_thread_in_native, id=67176, stack(0x0000004210e00000,0x0000004210f00000)]
  0x00000171deb43b50 JavaThread "DestroyJavaVM" [_thread_blocked, id=27796, stack(0x000000420f600000,0x000000420f700000)]

Other Threads:
  0x00000171fed15690 VMThread "VM Thread" [stack: 0x000000420fc00000,0x000000420fd00000] [id=80712]
  0x00000171f95a8710 WatcherThread [stack: 0x0000004210800000,0x0000004210900000] [id=74008]
  0x00000171f958f240 GCTaskThread "GC Thread#0" [stack: 0x000000420f700000,0x000000420f800000] [id=83096]
  0x00000171f959ec10 ConcurrentGCThread "G1 Main Marker" [stack: 0x000000420f800000,0x000000420f900000] [id=84136]
  0x00000171f95a05d0 ConcurrentGCThread "G1 Conc#0" [stack: 0x000000420f900000,0x000000420fa00000] [id=70904]
  0x00000171f960eca0 ConcurrentGCThread "G1 Refine#0" [stack: 0x000000420fa00000,0x000000420fb00000] [id=84876]
  0x00000171febd5800 ConcurrentGCThread "G1 Service" [stack: 0x000000420fb00000,0x000000420fc00000] [id=64988]

Threads with active compile tasks:
C2 CompilerThread0     2061 1143   !   4       sun.font.TrueTypeFont::getTableBuffer (215 bytes)

VM state: not at safepoint (normal execution)

VM Mutex/Monitor currently owned by a thread: None

Heap address: 0x000000008ac00000, size: 1876 MB, Compressed Oops mode: 32-bit

CDS archive(s) mapped at: [0x0000017199000000-0x0000017199bd0000-0x0000017199bd0000), size 12386304, SharedBaseAddress: 0x0000017199000000, ArchiveRelocationMode: 1.
Compressed class space mapped at: 0x000001719a000000-0x00000171da000000, reserved size: 1073741824
Narrow klass base: 0x0000017199000000, Narrow klass shift: 0, Narrow klass range: 0x100000000

GC Precious Log:
 CPUs: 12 total, 12 available
 Memory: 7502M
 Large Page Support: Disabled
 NUMA Support: Disabled
 Compressed Oops: Enabled (32-bit)
 Heap Region Size: 1M
 Heap Min Capacity: 8M
 Heap Initial Capacity: 118M
 Heap Max Capacity: 1876M
 Pre-touch: Disabled
 Parallel Workers: 10
 Concurrent Workers: 3
 Concurrent Refinement Workers: 10
 Periodic GC: Disabled

Heap:
 garbage-first heap   total 120832K, used 19456K [0x000000008ac00000, 0x0000000100000000)
  region size 1024K, 18 young (18432K), 0 survivors (0K)
 Metaspace       used 7977K, committed 8256K, reserved 1114112K
  class space    used 892K, committed 1024K, reserved 1048576K

Heap Regions: E=young(eden), S=young(survivor), O=old, HS=humongous(starts), HC=humongous(continues), CS=collection set, F=free, OA=open archive, CA=closed archive, TAMS=top-at-mark-start (previous, next)
|   0|0x000000008ac00000, 0x000000008ad00000, 0x000000008ad00000|100%|HS|  |TAMS 0x000000008ac00000, 0x000000008ac00000| Complete 
|   1|0x000000008ad00000, 0x000000008ae00000, 0x000000008ae00000|100%|HC|  |TAMS 0x000000008ad00000, 0x000000008ad00000| Complete 
|   2|0x000000008ae00000, 0x000000008af00000, 0x000000008af00000|100%|HC|  |TAMS 0x000000008ae00000, 0x000000008ae00000| Complete 
|   3|0x000000008af00000, 0x000000008af00000, 0x000000008b000000|  0%| F|  |TAMS 0x000000008af00000, 0x000000008af00000| Untracked 
|   4|0x000000008b000000, 0x000000008b000000, 0x000000008b100000|  0%| F|  |TAMS 0x000000008b000000, 0x000000008b000000| Untracked 
|   5|0x000000008b100000, 0x000000008b100000, 0x000000008b200000|  0%| F|  |TAMS 0x000000008b100000, 0x000000008b100000| Untracked 
|   6|0x000000008b200000, 0x000000008b200000, 0x000000008b300000|  0%| F|  |TAMS 0x000000008b200000, 0x000000008b200000| Untracked 
|   7|0x000000008b300000, 0x000000008b300000, 0x000000008b400000|  0%| F|  |TAMS 0x000000008b300000, 0x000000008b300000| Untracked 
|   8|0x000000008b400000, 0x000000008b400000, 0x000000008b500000|  0%| F|  |TAMS 0x000000008b400000, 0x000000008b400000| Untracked 
|   9|0x000000008b500000, 0x000000008b500000, 0x000000008b600000|  0%| F|  |TAMS 0x000000008b500000, 0x000000008b500000| Untracked 
|  10|0x000000008b600000, 0x000000008b600000, 0x000000008b700000|  0%| F|  |TAMS 0x000000008b600000, 0x000000008b600000| Untracked 
|  11|0x000000008b700000, 0x000000008b700000, 0x000000008b800000|  0%| F|  |TAMS 0x000000008b700000, 0x000000008b700000| Untracked 
|  12|0x000000008b800000, 0x000000008b800000, 0x000000008b900000|  0%| F|  |TAMS 0x000000008b800000, 0x000000008b800000| Untracked 
|  13|0x000000008b900000, 0x000000008b900000, 0x000000008ba00000|  0%| F|  |TAMS 0x000000008b900000, 0x000000008b900000| Untracked 
|  14|0x000000008ba00000, 0x000000008ba00000, 0x000000008bb00000|  0%| F|  |TAMS 0x000000008ba00000, 0x000000008ba00000| Untracked 
|  15|0x000000008bb00000, 0x000000008bb00000, 0x000000008bc00000|  0%| F|  |TAMS 0x000000008bb00000, 0x000000008bb00000| Untracked 
|  16|0x000000008bc00000, 0x000000008bc00000, 0x000000008bd00000|  0%| F|  |TAMS 0x000000008bc00000, 0x000000008bc00000| Untracked 
|  17|0x000000008bd00000, 0x000000008bd00000, 0x000000008be00000|  0%| F|  |TAMS 0x000000008bd00000, 0x000000008bd00000| Untracked 
|  18|0x000000008be00000, 0x000000008be00000, 0x000000008bf00000|  0%| F|  |TAMS 0x000000008be00000, 0x000000008be00000| Untracked 
|  19|0x000000008bf00000, 0x000000008bf00000, 0x000000008c000000|  0%| F|  |TAMS 0x000000008bf00000, 0x000000008bf00000| Untracked 
|  20|0x000000008c000000, 0x000000008c000000, 0x000000008c100000|  0%| F|  |TAMS 0x000000008c000000, 0x000000008c000000| Untracked 
|  21|0x000000008c100000, 0x000000008c100000, 0x000000008c200000|  0%| F|  |TAMS 0x000000008c100000, 0x000000008c100000| Untracked 
|  22|0x000000008c200000, 0x000000008c200000, 0x000000008c300000|  0%| F|  |TAMS 0x000000008c200000, 0x000000008c200000| Untracked 
|  23|0x000000008c300000, 0x000000008c300000, 0x000000008c400000|  0%| F|  |TAMS 0x000000008c300000, 0x000000008c300000| Untracked 
|  24|0x000000008c400000, 0x000000008c400000, 0x000000008c500000|  0%| F|  |TAMS 0x000000008c400000, 0x000000008c400000| Untracked 
|  25|0x000000008c500000, 0x000000008c500000, 0x000000008c600000|  0%| F|  |TAMS 0x000000008c500000, 0x000000008c500000| Untracked 
|  26|0x000000008c600000, 0x000000008c600000, 0x000000008c700000|  0%| F|  |TAMS 0x000000008c600000, 0x000000008c600000| Untracked 
|  27|0x000000008c700000, 0x000000008c700000, 0x000000008c800000|  0%| F|  |TAMS 0x000000008c700000, 0x000000008c700000| Untracked 
|  28|0x000000008c800000, 0x000000008c800000, 0x000000008c900000|  0%| F|  |TAMS 0x000000008c800000, 0x000000008c800000| Untracked 
|  29|0x000000008c900000, 0x000000008c900000, 0x000000008ca00000|  0%| F|  |TAMS 0x000000008c900000, 0x000000008c900000| Untracked 
|  30|0x000000008ca00000, 0x000000008ca00000, 0x000000008cb00000|  0%| F|  |TAMS 0x000000008ca00000, 0x000000008ca00000| Untracked 
|  31|0x000000008cb00000, 0x000000008cb00000, 0x000000008cc00000|  0%| F|  |TAMS 0x000000008cb00000, 0x000000008cb00000| Untracked 
|  32|0x000000008cc00000, 0x000000008cc00000, 0x000000008cd00000|  0%| F|  |TAMS 0x000000008cc00000, 0x000000008cc00000| Untracked 
|  33|0x000000008cd00000, 0x000000008cd00000, 0x000000008ce00000|  0%| F|  |TAMS 0x000000008cd00000, 0x000000008cd00000| Untracked 
|  34|0x000000008ce00000, 0x000000008ce00000, 0x000000008cf00000|  0%| F|  |TAMS 0x000000008ce00000, 0x000000008ce00000| Untracked 
|  35|0x000000008cf00000, 0x000000008cf00000, 0x000000008d000000|  0%| F|  |TAMS 0x000000008cf00000, 0x000000008cf00000| Untracked 
|  36|0x000000008d000000, 0x000000008d000000, 0x000000008d100000|  0%| F|  |TAMS 0x000000008d000000, 0x000000008d000000| Untracked 
|  37|0x000000008d100000, 0x000000008d100000, 0x000000008d200000|  0%| F|  |TAMS 0x000000008d100000, 0x000000008d100000| Untracked 
|  38|0x000000008d200000, 0x000000008d200000, 0x000000008d300000|  0%| F|  |TAMS 0x000000008d200000, 0x000000008d200000| Untracked 
|  39|0x000000008d300000, 0x000000008d300000, 0x000000008d400000|  0%| F|  |TAMS 0x000000008d300000, 0x000000008d300000| Untracked 
|  40|0x000000008d400000, 0x000000008d400000, 0x000000008d500000|  0%| F|  |TAMS 0x000000008d400000, 0x000000008d400000| Untracked 
|  41|0x000000008d500000, 0x000000008d500000, 0x000000008d600000|  0%| F|  |TAMS 0x000000008d500000, 0x000000008d500000| Untracked 
|  42|0x000000008d600000, 0x000000008d600000, 0x000000008d700000|  0%| F|  |TAMS 0x000000008d600000, 0x000000008d600000| Untracked 
|  43|0x000000008d700000, 0x000000008d700000, 0x000000008d800000|  0%| F|  |TAMS 0x000000008d700000, 0x000000008d700000| Untracked 
|  44|0x000000008d800000, 0x000000008d800000, 0x000000008d900000|  0%| F|  |TAMS 0x000000008d800000, 0x000000008d800000| Untracked 
|  45|0x000000008d900000, 0x000000008d900000, 0x000000008da00000|  0%| F|  |TAMS 0x000000008d900000, 0x000000008d900000| Untracked 
|  46|0x000000008da00000, 0x000000008da00000, 0x000000008db00000|  0%| F|  |TAMS 0x000000008da00000, 0x000000008da00000| Untracked 
|  47|0x000000008db00000, 0x000000008db00000, 0x000000008dc00000|  0%| F|  |TAMS 0x000000008db00000, 0x000000008db00000| Untracked 
|  48|0x000000008dc00000, 0x000000008dc00000, 0x000000008dd00000|  0%| F|  |TAMS 0x000000008dc00000, 0x000000008dc00000| Untracked 
|  49|0x000000008dd00000, 0x000000008dd00000, 0x000000008de00000|  0%| F|  |TAMS 0x000000008dd00000, 0x000000008dd00000| Untracked 
|  50|0x000000008de00000, 0x000000008de00000, 0x000000008df00000|  0%| F|  |TAMS 0x000000008de00000, 0x000000008de00000| Untracked 
|  51|0x000000008df00000, 0x000000008df00000, 0x000000008e000000|  0%| F|  |TAMS 0x000000008df00000, 0x000000008df00000| Untracked 
|  52|0x000000008e000000, 0x000000008e000000, 0x000000008e100000|  0%| F|  |TAMS 0x000000008e000000, 0x000000008e000000| Untracked 
|  53|0x000000008e100000, 0x000000008e100000, 0x000000008e200000|  0%| F|  |TAMS 0x000000008e100000, 0x000000008e100000| Untracked 
|  54|0x000000008e200000, 0x000000008e200000, 0x000000008e300000|  0%| F|  |TAMS 0x000000008e200000, 0x000000008e200000| Untracked 
|  55|0x000000008e300000, 0x000000008e300000, 0x000000008e400000|  0%| F|  |TAMS 0x000000008e300000, 0x000000008e300000| Untracked 
|  56|0x000000008e400000, 0x000000008e400000, 0x000000008e500000|  0%| F|  |TAMS 0x000000008e400000, 0x000000008e400000| Untracked 
|  57|0x000000008e500000, 0x000000008e500000, 0x000000008e600000|  0%| F|  |TAMS 0x000000008e500000, 0x000000008e500000| Untracked 
|  58|0x000000008e600000, 0x000000008e600000, 0x000000008e700000|  0%| F|  |TAMS 0x000000008e600000, 0x000000008e600000| Untracked 
|  59|0x000000008e700000, 0x000000008e700000, 0x000000008e800000|  0%| F|  |TAMS 0x000000008e700000, 0x000000008e700000| Untracked 
|  60|0x000000008e800000, 0x000000008e800000, 0x000000008e900000|  0%| F|  |TAMS 0x000000008e800000, 0x000000008e800000| Untracked 
|  61|0x000000008e900000, 0x000000008e900000, 0x000000008ea00000|  0%| F|  |TAMS 0x000000008e900000, 0x000000008e900000| Untracked 
|  62|0x000000008ea00000, 0x000000008ea00000, 0x000000008eb00000|  0%| F|  |TAMS 0x000000008ea00000, 0x000000008ea00000| Untracked 
|  63|0x000000008eb00000, 0x000000008eb00000, 0x000000008ec00000|  0%| F|  |TAMS 0x000000008eb00000, 0x000000008eb00000| Untracked 
|  64|0x000000008ec00000, 0x000000008ec00000, 0x000000008ed00000|  0%| F|  |TAMS 0x000000008ec00000, 0x000000008ec00000| Untracked 
|  65|0x000000008ed00000, 0x000000008ed00000, 0x000000008ee00000|  0%| F|  |TAMS 0x000000008ed00000, 0x000000008ed00000| Untracked 
|  66|0x000000008ee00000, 0x000000008ee00000, 0x000000008ef00000|  0%| F|  |TAMS 0x000000008ee00000, 0x000000008ee00000| Untracked 
|  67|0x000000008ef00000, 0x000000008ef00000, 0x000000008f000000|  0%| F|  |TAMS 0x000000008ef00000, 0x000000008ef00000| Untracked 
|  68|0x000000008f000000, 0x000000008f000000, 0x000000008f100000|  0%| F|  |TAMS 0x000000008f000000, 0x000000008f000000| Untracked 
|  69|0x000000008f100000, 0x000000008f100000, 0x000000008f200000|  0%| F|  |TAMS 0x000000008f100000, 0x000000008f100000| Untracked 
|  70|0x000000008f200000, 0x000000008f200000, 0x000000008f300000|  0%| F|  |TAMS 0x000000008f200000, 0x000000008f200000| Untracked 
|  71|0x000000008f300000, 0x000000008f300000, 0x000000008f400000|  0%| F|  |TAMS 0x000000008f300000, 0x000000008f300000| Untracked 
|  72|0x000000008f400000, 0x000000008f400000, 0x000000008f500000|  0%| F|  |TAMS 0x000000008f400000, 0x000000008f400000| Untracked 
|  73|0x000000008f500000, 0x000000008f500000, 0x000000008f600000|  0%| F|  |TAMS 0x000000008f500000, 0x000000008f500000| Untracked 
|  74|0x000000008f600000, 0x000000008f600000, 0x000000008f700000|  0%| F|  |TAMS 0x000000008f600000, 0x000000008f600000| Untracked 
|  75|0x000000008f700000, 0x000000008f700000, 0x000000008f800000|  0%| F|  |TAMS 0x000000008f700000, 0x000000008f700000| Untracked 
|  76|0x000000008f800000, 0x000000008f800000, 0x000000008f900000|  0%| F|  |TAMS 0x000000008f800000, 0x000000008f800000| Untracked 
|  77|0x000000008f900000, 0x000000008f900000, 0x000000008fa00000|  0%| F|  |TAMS 0x000000008f900000, 0x000000008f900000| Untracked 
|  78|0x000000008fa00000, 0x000000008fa00000, 0x000000008fb00000|  0%| F|  |TAMS 0x000000008fa00000, 0x000000008fa00000| Untracked 
|  79|0x000000008fb00000, 0x000000008fb00000, 0x000000008fc00000|  0%| F|  |TAMS 0x000000008fb00000, 0x000000008fb00000| Untracked 
|  80|0x000000008fc00000, 0x000000008fc00000, 0x000000008fd00000|  0%| F|  |TAMS 0x000000008fc00000, 0x000000008fc00000| Untracked 
|  81|0x000000008fd00000, 0x000000008fd00000, 0x000000008fe00000|  0%| F|  |TAMS 0x000000008fd00000, 0x000000008fd00000| Untracked 
|  82|0x000000008fe00000, 0x000000008fe00000, 0x000000008ff00000|  0%| F|  |TAMS 0x000000008fe00000, 0x000000008fe00000| Untracked 
|  83|0x000000008ff00000, 0x000000008ff00000, 0x0000000090000000|  0%| F|  |TAMS 0x000000008ff00000, 0x000000008ff00000| Untracked 
|  84|0x0000000090000000, 0x0000000090000000, 0x0000000090100000|  0%| F|  |TAMS 0x0000000090000000, 0x0000000090000000| Untracked 
|  85|0x0000000090100000, 0x0000000090100000, 0x0000000090200000|  0%| F|  |TAMS 0x0000000090100000, 0x0000000090100000| Untracked 
|  86|0x0000000090200000, 0x0000000090200000, 0x0000000090300000|  0%| F|  |TAMS 0x0000000090200000, 0x0000000090200000| Untracked 
|  87|0x0000000090300000, 0x0000000090300000, 0x0000000090400000|  0%| F|  |TAMS 0x0000000090300000, 0x0000000090300000| Untracked 
|  88|0x0000000090400000, 0x0000000090400000, 0x0000000090500000|  0%| F|  |TAMS 0x0000000090400000, 0x0000000090400000| Untracked 
|  89|0x0000000090500000, 0x0000000090500000, 0x0000000090600000|  0%| F|  |TAMS 0x0000000090500000, 0x0000000090500000| Untracked 
|  90|0x0000000090600000, 0x0000000090600000, 0x0000000090700000|  0%| F|  |TAMS 0x0000000090600000, 0x0000000090600000| Untracked 
|  91|0x0000000090700000, 0x0000000090700000, 0x0000000090800000|  0%| F|  |TAMS 0x0000000090700000, 0x0000000090700000| Untracked 
|  92|0x0000000090800000, 0x0000000090800000, 0x0000000090900000|  0%| F|  |TAMS 0x0000000090800000, 0x0000000090800000| Untracked 
|  93|0x0000000090900000, 0x0000000090900000, 0x0000000090a00000|  0%| F|  |TAMS 0x0000000090900000, 0x0000000090900000| Untracked 
|  94|0x0000000090a00000, 0x0000000090a00000, 0x0000000090b00000|  0%| F|  |TAMS 0x0000000090a00000, 0x0000000090a00000| Untracked 
|  95|0x0000000090b00000, 0x0000000090b00000, 0x0000000090c00000|  0%| F|  |TAMS 0x0000000090b00000, 0x0000000090b00000| Untracked 
|  96|0x0000000090c00000, 0x0000000090c00000, 0x0000000090d00000|  0%| F|  |TAMS 0x0000000090c00000, 0x0000000090c00000| Untracked 
|  97|0x0000000090d00000, 0x0000000090d00000, 0x0000000090e00000|  0%| F|  |TAMS 0x0000000090d00000, 0x0000000090d00000| Untracked 
|  98|0x0000000090e00000, 0x0000000090e00000, 0x0000000090f00000|  0%| F|  |TAMS 0x0000000090e00000, 0x0000000090e00000| Untracked 
|  99|0x0000000090f00000, 0x0000000090f00000, 0x0000000091000000|  0%| F|  |TAMS 0x0000000090f00000, 0x0000000090f00000| Untracked 
| 100|0x0000000091000000, 0x0000000091076f58, 0x0000000091100000| 46%| E|  |TAMS 0x0000000091000000, 0x0000000091000000| Complete 
| 101|0x0000000091100000, 0x0000000091200000, 0x0000000091200000|100%| E|CS|TAMS 0x0000000091100000, 0x0000000091100000| Complete 
| 102|0x0000000091200000, 0x0000000091300000, 0x0000000091300000|100%| E|CS|TAMS 0x0000000091200000, 0x0000000091200000| Complete 
| 103|0x0000000091300000, 0x0000000091400000, 0x0000000091400000|100%| E|CS|TAMS 0x0000000091300000, 0x0000000091300000| Complete 
| 104|0x0000000091400000, 0x0000000091500000, 0x0000000091500000|100%| E|CS|TAMS 0x0000000091400000, 0x0000000091400000| Complete 
| 105|0x0000000091500000, 0x0000000091600000, 0x0000000091600000|100%| E|CS|TAMS 0x0000000091500000, 0x0000000091500000| Complete 
| 106|0x0000000091600000, 0x0000000091700000, 0x0000000091700000|100%| E|CS|TAMS 0x0000000091600000, 0x0000000091600000| Complete 
| 107|0x0000000091700000, 0x0000000091800000, 0x0000000091800000|100%| E|CS|TAMS 0x0000000091700000, 0x0000000091700000| Complete 
| 108|0x0000000091800000, 0x0000000091900000, 0x0000000091900000|100%| E|CS|TAMS 0x0000000091800000, 0x0000000091800000| Complete 
| 109|0x0000000091900000, 0x0000000091a00000, 0x0000000091a00000|100%| E|CS|TAMS 0x0000000091900000, 0x0000000091900000| Complete 
| 110|0x0000000091a00000, 0x0000000091b00000, 0x0000000091b00000|100%| E|CS|TAMS 0x0000000091a00000, 0x0000000091a00000| Complete 
| 111|0x0000000091b00000, 0x0000000091c00000, 0x0000000091c00000|100%| E|CS|TAMS 0x0000000091b00000, 0x0000000091b00000| Complete 
| 112|0x0000000091c00000, 0x0000000091d00000, 0x0000000091d00000|100%| E|CS|TAMS 0x0000000091c00000, 0x0000000091c00000| Complete 
| 113|0x0000000091d00000, 0x0000000091e00000, 0x0000000091e00000|100%| E|CS|TAMS 0x0000000091d00000, 0x0000000091d00000| Complete 
| 114|0x0000000091e00000, 0x0000000091f00000, 0x0000000091f00000|100%| E|CS|TAMS 0x0000000091e00000, 0x0000000091e00000| Complete 
| 115|0x0000000091f00000, 0x0000000092000000, 0x0000000092000000|100%| E|CS|TAMS 0x0000000091f00000, 0x0000000091f00000| Complete 
| 116|0x0000000092000000, 0x0000000092100000, 0x0000000092100000|100%| E|  |TAMS 0x0000000092000000, 0x0000000092000000| Complete 
| 117|0x0000000092100000, 0x0000000092200000, 0x0000000092200000|100%| E|CS|TAMS 0x0000000092100000, 0x0000000092100000| Complete 

Card table byte_map: [0x00000171f9f10000,0x00000171fa2c0000] _byte_map_base: 0x00000171f9aba000

Marking Bits (Prev, Next): (CMBitMap*) 0x00000171f958f860, (CMBitMap*) 0x00000171f958f8a0
 Prev Bits: [0x00000171fa670000, 0x00000171fc3c0000)
 Next Bits: [0x00000171fc3c0000, 0x00000171fe110000)

Polling page: 0x00000171f7490000

Metaspace:

Usage:
  Non-class:      6.92 MB used.
      Class:    892.77 KB used.
       Both:      7.79 MB used.

Virtual space:
  Non-class space:       64.00 MB reserved,       7.06 MB ( 11%) committed,  1 nodes.
      Class space:        1.00 GB reserved,       1.00 MB ( <1%) committed,  1 nodes.
             Both:        1.06 GB reserved,       8.06 MB ( <1%) committed. 

Chunk freelists:
   Non-Class:  8.99 MB
       Class:  15.05 MB
        Both:  24.03 MB

MaxMetaspaceSize: unlimited
CompressedClassSpaceSize: 1.00 GB
Initial GC threshold: 21.00 MB
Current GC threshold: 21.00 MB
CDS: on
MetaspaceReclaimPolicy: balanced
 - commit_granule_bytes: 65536.
 - commit_granule_words: 8192.
 - virtual_space_node_default_size: 8388608.
 - enlarge_chunks_in_place: 1.
 - new_chunks_are_fully_committed: 0.
 - uncommit_free_chunks: 1.
 - use_allocation_guard: 0.
 - handle_deallocations: 1.


Internal statistics:

num_allocs_failed_limit: 0.
num_arena_births: 118.
num_arena_deaths: 0.
num_vsnodes_births: 2.
num_vsnodes_deaths: 0.
num_space_committed: 129.
num_space_uncommitted: 0.
num_chunks_returned_to_freelist: 0.
num_chunks_taken_from_freelist: 161.
num_chunk_merges: 0.
num_chunk_splits: 92.
num_chunks_enlarged: 34.
num_inconsistent_stats: 0.

CodeHeap 'non-profiled nmethods': size=120000Kb used=312Kb max_used=312Kb free=119687Kb
 bounds [0x000001718f2a0000, 0x000001718f510000, 0x00000171967d0000]
CodeHeap 'profiled nmethods': size=120000Kb used=1921Kb max_used=1921Kb free=118078Kb
 bounds [0x00000171877d0000, 0x0000017187a40000, 0x000001718ed00000]
CodeHeap 'non-nmethods': size=5760Kb used=1278Kb max_used=1294Kb free=4481Kb
 bounds [0x000001718ed00000, 0x000001718ef70000, 0x000001718f2a0000]
 total_blobs=1753 nmethods=1149 adapters=517
 compilation: enabled
              stopped_count=0, restarted_count=0
 full_count=0

Compilation events (20 events):
Event: 1.890 Thread 0x00000171fed3a500 nmethod 1140 0x00000171879aa090 code [0x00000171879aa240, 0x00000171879aa458]
Event: 1.890 Thread 0x00000171fed3a500 1141       3       java.util.HashMap::prepareArray (38 bytes)
Event: 1.890 Thread 0x00000171fed3a500 nmethod 1141 0x00000171879aa510 code [0x00000171879aa700, 0x00000171879aad18]
Event: 1.896 Thread 0x00000171fed3a500 1142       3       java.lang.StringUTF16::newBytesFor (61 bytes)
Event: 1.897 Thread 0x00000171fed3a500 nmethod 1142 0x00000171879aaf10 code [0x00000171879ab180, 0x00000171879aba68]
Event: 1.901 Thread 0x00000171fed39a50 1143   !   4       sun.font.TrueTypeFont::getTableBuffer (215 bytes)
Event: 1.909 Thread 0x00000171fed3a500 1147       3       sun.nio.ch.FileChannelImpl::<init> (144 bytes)
Event: 1.910 Thread 0x00000171fed3a500 nmethod 1147 0x00000171879abd90 code [0x00000171879ac000, 0x00000171879acda8]
Event: 1.918 Thread 0x00000171fed3a500 1148       3       sun.nio.ch.FileDispatcherImpl::size (5 bytes)
Event: 1.918 Thread 0x00000171fed3a500 nmethod 1148 0x00000171879ad210 code [0x00000171879ad3a0, 0x00000171879ad4e8]
Event: 1.932 Thread 0x00000171fed3a500 1150   !   3       sun.font.TrueTypeFont::getAllFullNames (30 bytes)
Event: 1.933 Thread 0x00000171fed3a500 nmethod 1150 0x00000171879ad590 code [0x00000171879ad7a0, 0x00000171879ae088]
Event: 1.933 Thread 0x00000171fed3a500 1152  s    3       sun.font.FontFamily::addLocaleNames (45 bytes)
Event: 1.934 Thread 0x00000171fed3a500 nmethod 1152 0x00000171879ae390 code [0x00000171879ae5c0, 0x00000171879aee48]
Event: 1.934 Thread 0x00000171fed3a500 1151   !   3       sun.font.TrueTypeFont::getAllFamilyNames (30 bytes)
Event: 1.935 Thread 0x00000171fed3a500 nmethod 1151 0x00000171879af110 code [0x00000171879af320, 0x00000171879afc08]
Event: 1.962 Thread 0x00000171fed3a500 1154       3       java.lang.Character::toLowerCase (9 bytes)
Event: 1.963 Thread 0x00000171fed3a500 nmethod 1154 0x00000171879aff10 code [0x00000171879b00c0, 0x00000171879b02b8]
Event: 1.969 Thread 0x00000171fed3a500 1155       3       java.lang.Double::isNaN (12 bytes)
Event: 1.969 Thread 0x00000171fed3a500 nmethod 1155 0x00000171879b0390 code [0x00000171879b0520, 0x00000171879b0698]

GC Heap History (0 events):
No events

Deoptimization events (20 events):
Event: 0.528 Thread 0x00000171dea098b0 Uncommon trap: trap_request=0xffffff45 fr.pc=0x000001718f2cbb70 relative=0x00000000000003d0
Event: 0.528 Thread 0x00000171dea098b0 Uncommon trap: reason=unstable_if action=reinterpret pc=0x000001718f2cbb70 method=java.lang.StringLatin1.newString([BII)Ljava/lang/String; @ 1 c2
Event: 0.528 Thread 0x00000171dea098b0 DEOPT PACKING pc=0x000001718f2cbb70 sp=0x0000004210cfe810
Event: 0.528 Thread 0x00000171dea098b0 DEOPT UNPACKING pc=0x000001718ed523a3 sp=0x0000004210cfe7f0 mode 2
Event: 0.644 Thread 0x00000171f9538d30 Uncommon trap: trap_request=0xffffff45 fr.pc=0x000001718f2c9c40 relative=0x0000000000000340
Event: 0.644 Thread 0x00000171f9538d30 Uncommon trap: reason=unstable_if action=reinterpret pc=0x000001718f2c9c40 method=java.lang.StringUTF16.compress([CI[BII)I @ 20 c2
Event: 0.644 Thread 0x00000171f9538d30 DEOPT PACKING pc=0x000001718f2c9c40 sp=0x000000420f6fd120
Event: 0.644 Thread 0x00000171f9538d30 DEOPT UNPACKING pc=0x000001718ed523a3 sp=0x000000420f6fd0a0 mode 2
Event: 1.393 Thread 0x00000171dea1f350 Uncommon trap: trap_request=0xffffff45 fr.pc=0x000001718f2de5f0 relative=0x00000000000004b0
Event: 1.393 Thread 0x00000171dea1f350 Uncommon trap: reason=unstable_if action=reinterpret pc=0x000001718f2de5f0 method=java.lang.StringLatin1.toLowerCase(Ljava/lang/String;[BLjava/util/Locale;)Ljava/lang/String; @ 43 c2
Event: 1.393 Thread 0x00000171dea1f350 DEOPT PACKING pc=0x000001718f2de5f0 sp=0x0000004210efd090
Event: 1.393 Thread 0x00000171dea1f350 DEOPT UNPACKING pc=0x000001718ed523a3 sp=0x0000004210efd000 mode 2
Event: 1.853 Thread 0x00000171dea1f350 Uncommon trap: trap_request=0xffffff45 fr.pc=0x000001718f2ab1b0 relative=0x00000000000001b0
Event: 1.853 Thread 0x00000171dea1f350 Uncommon trap: reason=unstable_if action=reinterpret pc=0x000001718f2ab1b0 method=java.lang.String.isLatin1()Z @ 10 c2
Event: 1.853 Thread 0x00000171dea1f350 DEOPT PACKING pc=0x000001718f2ab1b0 sp=0x0000004210efcea0
Event: 1.853 Thread 0x00000171dea1f350 DEOPT UNPACKING pc=0x000001718ed523a3 sp=0x0000004210efcdd0 mode 2
Event: 1.886 Thread 0x00000171dea1f350 Uncommon trap: trap_request=0xffffff45 fr.pc=0x000001718f2ec4b0 relative=0x00000000000003f0
Event: 1.886 Thread 0x00000171dea1f350 Uncommon trap: reason=unstable_if action=reinterpret pc=0x000001718f2ec4b0 method=java.lang.Character.isSurrogate(C)Z @ 3 c2
Event: 1.886 Thread 0x00000171dea1f350 DEOPT PACKING pc=0x000001718f2ec4b0 sp=0x0000004210efcba0
Event: 1.886 Thread 0x00000171dea1f350 DEOPT UNPACKING pc=0x000001718ed523a3 sp=0x0000004210efcab8 mode 2

Classes unloaded (0 events):
No events

Classes redefined (0 events):
No events

Internal exceptions (17 events):
Event: 0.112 Thread 0x00000171f9538d30 Exception <a 'sun/nio/fs/WindowsException'{0x00000000920405e0}> (0x00000000920405e0) 
thrown [s\open\src\hotspot\share\prims\jni.cpp, line 516]
Event: 0.112 Thread 0x00000171f9538d30 Exception <a 'sun/nio/fs/WindowsException'{0x0000000092040b68}> (0x0000000092040b68) 
thrown [s\open\src\hotspot\share\prims\jni.cpp, line 516]
Event: 0.114 Thread 0x00000171f9538d30 Exception <a 'sun/nio/fs/WindowsException'{0x0000000092043000}> (0x0000000092043000) 
thrown [s\open\src\hotspot\share\prims\jni.cpp, line 516]
Event: 0.114 Thread 0x00000171f9538d30 Exception <a 'sun/nio/fs/WindowsException'{0x0000000092043b28}> (0x0000000092043b28) 
thrown [s\open\src\hotspot\share\prims\jni.cpp, line 516]
Event: 0.166 Thread 0x00000171f9538d30 Exception <a 'java/lang/ClassNotFoundException'{0x00000000920fbe40}: sun/awt/resources/spi/awtProvider> (0x00000000920fbe40) 
thrown [s\open\src\hotspot\share\classfile\systemDictionary.cpp, line 256]
Event: 0.193 Thread 0x00000171f9538d30 Exception <a 'java/io/FileNotFoundException'{0x0000000091f67b10}> (0x0000000091f67b10) 
thrown [s\open\src\hotspot\share\prims\jni.cpp, line 516]
Event: 0.201 Thread 0x00000171f9538d30 Exception <a 'java/io/FileNotFoundException'{0x0000000091f94cc8}> (0x0000000091f94cc8) 
thrown [s\open\src\hotspot\share\prims\jni.cpp, line 516]
Event: 0.252 Thread 0x00000171f9538d30 Exception <a 'java/lang/NoSuchMethodError'{0x0000000091fd8cc8}: 'java.lang.Object java.lang.invoke.DirectMethodHandle$Holder.invokeStaticInit(java.lang.Object)'> (0x0000000091fd8cc8) 
thrown [s\open\src\hotspot\share\interpreter\linkResolver.cpp, line 759]
Event: 0.367 Thread 0x00000171f9538d30 Exception <a 'java/lang/NoSuchMethodError'{0x0000000091e99078}: 'void java.lang.invoke.DirectMethodHandle$Holder.invokeSpecial(java.lang.Object, java.lang.Object, java.lang.Object)'> (0x0000000091e99078) 
thrown [s\open\src\hotspot\share\interpreter\linkResolver.cpp, line 759]
Event: 0.382 Thread 0x00000171f9538d30 Exception <a 'java/lang/NoSuchMethodError'{0x0000000091ec31e0}: 'java.lang.Object java.lang.invoke.DirectMethodHandle$Holder.newInvokeSpecial(java.lang.Object, java.lang.Object, java.lang.Object, java.lang.Object, java.lang.Object)'> (0x0000000091ec31e0) 
thrown [s\open\src\hotspot\share\interpreter\linkResolver.cpp, line 759]
Event: 0.385 Thread 0x00000171f9538d30 Exception <a 'java/lang/NoSuchMethodError'{0x0000000091eceba8}: 'java.lang.Object java.lang.invoke.DirectMethodHandle$Holder.invokeStatic(java.lang.Object, int, java.lang.Object, java.lang.Object, java.lang.Object, java.lang.Object)'> (0x0000000091eceba8) 
thrown [s\open\src\hotspot\share\interpreter\linkResolver.cpp, line 759]
Event: 0.395 Thread 0x00000171f9538d30 Exception <a 'java/lang/NoSuchMethodError'{0x0000000091ef4650}: 'java.lang.Object java.lang.invoke.DirectMethodHandle$Holder.invokeStatic(java.lang.Object, int, java.lang.Object)'> (0x0000000091ef4650) 
thrown [s\open\src\hotspot\share\interpreter\linkResolver.cpp, line 759]
Event: 0.439 Thread 0x00000171f9538d30 Exception <a 'java/lang/ClassNotFoundException'{0x0000000091dac9f0}: com/sun/swing/internal/plaf/metal/resources/spi/metalProvider> (0x0000000091dac9f0) 
thrown [s\open\src\hotspot\share\classfile\systemDictionary.cpp, line 256]
Event: 0.441 Thread 0x00000171f9538d30 Exception <a 'java/lang/ClassNotFoundException'{0x0000000091db0848}: com/sun/swing/internal/plaf/basic/resources/spi/basicProvider> (0x0000000091db0848) 
thrown [s\open\src\hotspot\share\classfile\systemDictionary.cpp, line 256]
Event: 0.533 Thread 0x00000171dea098b0 Exception <a 'java/lang/NoSuchMethodError'{0x0000000091b65948}: 'java.lang.Object java.lang.invoke.DirectMethodHandle$Holder.newInvokeSpecial(java.lang.Object, java.lang.Object, java.lang.Object, int, int, int, int, int)'> (0x0000000091b65948) 
thrown [s\open\src\hotspot\share\interpreter\linkResolver.cpp, line 759]
Event: 0.608 Thread 0x0000017198c26290 Exception <a 'java/lang/NoSuchMethodError'{0x0000000091e10280}: 'void java.lang.invoke.DirectMethodHandle$Holder.invokeVirtual(java.lang.Object, java.lang.Object)'> (0x0000000091e10280) 
thrown [s\open\src\hotspot\share\interpreter\linkResolver.cpp, line 759]
Event: 0.627 Thread 0x00000171f9538d30 Exception <a 'java/lang/NoSuchMethodError'{0x0000000091995030}: 'void java.lang.invoke.DirectMethodHandle$Holder.invokeStaticInit(java.lang.Object)'> (0x0000000091995030) 
thrown [s\open\src\hotspot\share\interpreter\linkResolver.cpp, line 759]

VM Operations (10 events):
Event: 0.115 Executing VM operation: HandshakeAllThreads
Event: 0.116 Executing VM operation: HandshakeAllThreads done
Event: 0.579 Executing VM operation: HandshakeAllThreads
Event: 0.579 Executing VM operation: HandshakeAllThreads done
Event: 0.654 Executing VM operation: HandshakeAllThreads
Event: 0.654 Executing VM operation: HandshakeAllThreads done
Event: 0.959 Executing VM operation: HandshakeAllThreads
Event: 0.959 Executing VM operation: HandshakeAllThreads done
Event: 1.966 Executing VM operation: Cleanup
Event: 1.966 Executing VM operation: Cleanup done

Events (20 events):
Event: 1.332 loading class javax/swing/text/Segment done
Event: 1.332 loading class javax/swing/text/SegmentCache$CachedSegment done
Event: 1.332 loading class javax/swing/text/Utilities
Event: 1.337 loading class javax/swing/text/Utilities done
Event: 1.343 loading class javax/swing/event/ChangeEvent
Event: 1.343 loading class javax/swing/event/ChangeEvent done
Event: 1.343 loading class java/applet/Applet
Event: 1.344 loading class java/awt/Panel
Event: 1.344 loading class java/awt/Panel done
Event: 1.344 loading class java/applet/Applet done
Event: 1.345 loading class sun/font/SunFontManager$FamilyDescription
Event: 1.345 loading class sun/font/SunFontManager$FamilyDescription done
Event: 1.395 loading class sun/font/SunFontManager$4
Event: 1.395 loading class sun/font/SunFontManager$4 done
Event: 1.431 loading class sun/font/SunFontManager$9
Event: 1.431 loading class sun/font/SunFontManager$9 done
Event: 1.432 loading class sun/font/SunFontManager$10
Event: 1.433 loading class sun/font/SunFontManager$10 done
Event: 1.868 loading class jdk/internal/access/foreign/MemorySegmentProxy
Event: 1.868 loading class jdk/internal/access/foreign/MemorySegmentProxy done


Dynamic libraries:
0x00007ff6ef730000 - 0x00007ff6ef740000 	C:\Program Files\Java\jdk-17\bin\java.exe
0x00007ffd89e50000 - 0x00007ffd8a067000 	C:\WINDOWS\SYSTEM32\ntdll.dll
0x00007ffd896f0000 - 0x00007ffd897b4000 	C:\WINDOWS\System32\KERNEL32.DLL
0x00007ffd871f0000 - 0x00007ffd87595000 	C:\WINDOWS\System32\KERNELBASE.dll
0x00007ffd87640000 - 0x00007ffd87751000 	C:\WINDOWS\System32\ucrtbase.dll
0x00007ffd61820000 - 0x00007ffd6183b000 	C:\Program Files\Java\jdk-17\bin\VCRUNTIME140.dll
0x00007ffd826c0000 - 0x00007ffd826d9000 	C:\Program Files\Java\jdk-17\bin\jli.dll
0x00007ffd899b0000 - 0x00007ffd89a61000 	C:\WINDOWS\System32\ADVAPI32.dll
0x00007ffd88b80000 - 0x00007ffd88c27000 	C:\WINDOWS\System32\msvcrt.dll
0x00007ffd897e0000 - 0x00007ffd89886000 	C:\WINDOWS\System32\sechost.dll
0x00007ffd89890000 - 0x00007ffd899a7000 	C:\WINDOWS\System32\RPCRT4.dll
0x00007ffd88720000 - 0x00007ffd888ce000 	C:\WINDOWS\System32\USER32.dll
0x00007ffd871c0000 - 0x00007ffd871e6000 	C:\WINDOWS\System32\win32u.dll
0x00007ffd71080000 - 0x00007ffd71313000 	C:\WINDOWS\WinSxS\amd64_microsoft.windows.common-controls_6595b64144ccf1df_6.0.22621.2506_none_270c5ae97388e100\COMCTL32.dll
0x00007ffd89bc0000 - 0x00007ffd89be9000 	C:\WINDOWS\System32\GDI32.dll
0x00007ffd87760000 - 0x00007ffd87879000 	C:\WINDOWS\System32\gdi32full.dll
0x00007ffd875a0000 - 0x00007ffd8763a000 	C:\WINDOWS\System32\msvcp_win.dll
0x00007ffd7f970000 - 0x00007ffd7f97a000 	C:\WINDOWS\SYSTEM32\VERSION.dll
0x00007ffd87d80000 - 0x00007ffd87db1000 	C:\WINDOWS\System32\IMM32.DLL
0x00007ffd67630000 - 0x00007ffd6763c000 	C:\Program Files\Java\jdk-17\bin\vcruntime140_1.dll
0x00007ffd25560000 - 0x00007ffd255ee000 	C:\Program Files\Java\jdk-17\bin\msvcp140.dll
0x00007ffd2b0e0000 - 0x00007ffd2bcc1000 	C:\Program Files\Java\jdk-17\bin\server\jvm.dll
0x00007ffd87cd0000 - 0x00007ffd87cd8000 	C:\WINDOWS\System32\PSAPI.DLL
0x00007ffd67800000 - 0x00007ffd67809000 	C:\WINDOWS\SYSTEM32\WSOCK32.dll
0x00007ffd7e610000 - 0x00007ffd7e644000 	C:\WINDOWS\SYSTEM32\WINMM.dll
0x00007ffd88970000 - 0x00007ffd889e1000 	C:\WINDOWS\System32\WS2_32.dll
0x00007ffd861c0000 - 0x00007ffd861d8000 	C:\WINDOWS\SYSTEM32\kernel.appcore.dll
0x00007ffd67480000 - 0x00007ffd6748a000 	C:\Program Files\Java\jdk-17\bin\jimage.dll
0x00007ffd72f50000 - 0x00007ffd73183000 	C:\WINDOWS\SYSTEM32\DBGHELP.DLL
0x00007ffd88ed0000 - 0x00007ffd89259000 	C:\WINDOWS\System32\combase.dll
0x00007ffd87ba0000 - 0x00007ffd87c77000 	C:\WINDOWS\System32\OLEAUT32.dll
0x00007ffd6c590000 - 0x00007ffd6c5c2000 	C:\WINDOWS\SYSTEM32\dbgcore.DLL
0x00007ffd87940000 - 0x00007ffd879ba000 	C:\WINDOWS\System32\bcryptPrimitives.dll
0x00007ffd303b0000 - 0x00007ffd303d5000 	C:\Program Files\Java\jdk-17\bin\java.dll
0x00007ffd29c20000 - 0x00007ffd29cf7000 	C:\Program Files\Java\jdk-17\bin\jsvml.dll
0x00007ffd87ec0000 - 0x00007ffd88719000 	C:\WINDOWS\System32\SHELL32.dll
0x00007ffd850e0000 - 0x00007ffd859d4000 	C:\WINDOWS\SYSTEM32\windows.storage.dll
0x00007ffd84fa0000 - 0x00007ffd850de000 	C:\WINDOWS\SYSTEM32\wintypes.dll
0x00007ffd88dd0000 - 0x00007ffd88ec3000 	C:\WINDOWS\System32\SHCORE.dll
0x00007ffd88b20000 - 0x00007ffd88b7e000 	C:\WINDOWS\System32\shlwapi.dll
0x00007ffd870f0000 - 0x00007ffd87116000 	C:\WINDOWS\SYSTEM32\profapi.dll
0x00007ffd30b30000 - 0x00007ffd30b49000 	C:\Program Files\Java\jdk-17\bin\net.dll
0x00007ffd7fcc0000 - 0x00007ffd7fdf7000 	C:\WINDOWS\SYSTEM32\WINHTTP.dll
0x00007ffd86640000 - 0x00007ffd866a9000 	C:\WINDOWS\system32\mswsock.dll
0x00007ffd2de80000 - 0x00007ffd2de96000 	C:\Program Files\Java\jdk-17\bin\nio.dll
0x00007ffd29950000 - 0x00007ffd29968000 	C:\Program Files\Java\jdk-17\bin\zip.dll
0x00007ffd0b5d0000 - 0x00007ffd0b761000 	C:\Program Files\Java\jdk-17\bin\awt.dll
0x00007ffd84510000 - 0x00007ffd845a7000 	C:\WINDOWS\SYSTEM32\apphelp.dll
0x00007ffd84940000 - 0x00007ffd8496b000 	C:\WINDOWS\system32\DWMAPI.DLL
0x00007ffd846d0000 - 0x00007ffd8477b000 	C:\WINDOWS\system32\uxtheme.dll
0x00007ffd0b0b0000 - 0x00007ffd0b1b0000 	C:\WINDOWS\system32\opengl32.dll
0x00007ffd24d70000 - 0x00007ffd24d9d000 	C:\WINDOWS\SYSTEM32\GLU32.dll
0x00007ffd847e0000 - 0x00007ffd84816000 	C:\WINDOWS\SYSTEM32\dxcore.dll
0x00007ffd89a70000 - 0x00007ffd89bbf000 	C:\WINDOWS\System32\MSCTF.dll
0x00007ffd88c30000 - 0x00007ffd88dd0000 	C:\WINDOWS\System32\ole32.dll
0x00007ffd29a40000 - 0x00007ffd29be9000 	C:\WINDOWS\system32\d3d9.dll
0x00007ffd7d720000 - 0x00007ffd7d8db000 	C:\WINDOWS\System32\DriverStore\FileRepository\u0387389.inf_amd64_995be970e30b8c79\B385477\aticfx64.dll
0x00007ffd723f0000 - 0x00007ffd72424000 	C:\WINDOWS\System32\DriverStore\FileRepository\u0387389.inf_amd64_995be970e30b8c79\B385477\atiu9p64.dll
0x00007ffd032f0000 - 0x00007ffd04045000 	C:\WINDOWS\System32\DriverStore\FileRepository\u0387389.inf_amd64_995be970e30b8c79\B385477\atiumd64.dll
0x00007ffd7d320000 - 0x00007ffd7d355000 	C:\WINDOWS\SYSTEM32\amdihk64.dll
0x00007ffd814d0000 - 0x00007ffd8151a000 	C:\WINDOWS\SYSTEM32\directxdatabasehelper.dll
0x00007ffd75710000 - 0x00007ffd7573e000 	C:\Program Files\Java\jdk-17\bin\javajpeg.dll
0x00007ffd0a270000 - 0x00007ffd0a2f7000 	C:\Program Files\Java\jdk-17\bin\freetype.dll
0x00007ffd0a190000 - 0x00007ffd0a263000 	C:\Program Files\Java\jdk-17\bin\fontmanager.dll
0x00007ffd88a70000 - 0x00007ffd88b20000 	C:\WINDOWS\System32\clbcatq.dll
0x00007ffd82b50000 - 0x00007ffd82d00000 	C:\WINDOWS\SYSTEM32\WindowsCodecs.dll
0x00007ffd706c0000 - 0x00007ffd7071e000 	C:\WINDOWS\system32\dataexchange.dll
0x00007ffd7ed00000 - 0x00007ffd7ef85000 	C:\WINDOWS\system32\twinapi.appcore.dll
0x00007ffd71910000 - 0x00007ffd71a5a000 	C:\WINDOWS\SYSTEM32\textinputframework.dll

dbghelp: loaded successfully - version: 4.0.5 - missing functions: none
symbol engine: initialized successfully - sym options: 0x614 - pdb path: .;C:\Program Files\Java\jdk-17\bin;C:\WINDOWS\SYSTEM32;C:\WINDOWS\WinSxS\amd64_microsoft.windows.common-controls_6595b64144ccf1df_6.0.22621.2506_none_270c5ae97388e100;C:\Program Files\Java\jdk-17\bin\server;C:\WINDOWS\System32\DriverStore\FileRepository\u0387389.inf_amd64_995be970e30b8c79\B385477

VM Arguments:
jvm_args: -Dfile.encoding=UTF-8 --module-path=C:\Users\Vaibhavi\Documents\NetBeansProjects\Bank Management System\build\classes 
java_command: bank.management.system.Login
java_class_path (initial): C:\Users\Vaibhavi\Documents\NetBeansProjects\Bank Management System\jcalendar-tz-1.3.3-4.jar;C:\Users\Vaibhavi\Documents\NetBeansProjects\Bank Management System\mysql-connector-java-8.0.28.jar;C:\Users\Vaibhavi\Documents\NetBeansProjects\Bank Management System\build\classes
Launcher Type: SUN_STANDARD

[Global flags]
     intx CICompilerCount                          = 4                                         {product} {ergonomic}
     uint ConcGCThreads                            = 3                                         {product} {ergonomic}
     uint G1ConcRefinementThreads                  = 10                                        {product} {ergonomic}
   size_t G1HeapRegionSize                         = 1048576                                   {product} {ergonomic}
    uintx GCDrainStackTargetSize                   = 64                                        {product} {ergonomic}
   size_t InitialHeapSize                          = 123731968                                 {product} {ergonomic}
   size_t MarkStackSize                            = 4194304                                   {product} {ergonomic}
   size_t MaxHeapSize                              = 1967128576                                {product} {ergonomic}
   size_t MaxNewSize                               = 1179648000                                {product} {ergonomic}
   size_t MinHeapDeltaBytes                        = 1048576                                   {product} {ergonomic}
   size_t MinHeapSize                              = 8388608                                   {product} {ergonomic}
    uintx NonNMethodCodeHeapSize                   = 5839372                                {pd product} {ergonomic}
    uintx NonProfiledCodeHeapSize                  = 122909434                              {pd product} {ergonomic}
    uintx ProfiledCodeHeapSize                     = 122909434                              {pd product} {ergonomic}
    uintx ReservedCodeCacheSize                    = 251658240                              {pd product} {ergonomic}
     bool SegmentedCodeCache                       = true                                      {product} {ergonomic}
   size_t SoftMaxHeapSize                          = 1967128576                             {manageable} {ergonomic}
     bool UseCompressedClassPointers               = true                           {product lp64_product} {ergonomic}
     bool UseCompressedOops                        = true                           {product lp64_product} {ergonomic}
     bool UseG1GC                                  = true                                      {product} {ergonomic}
     bool UseLargePagesIndividualAllocation        = false                                  {pd product} {ergonomic}

Logging:
Log output configuration:
 #0: stdout all=warning uptime,level,tags
 #1: stderr all=off uptime,level,tags

Environment Variables:
PATH=C:\Program Files\Common Files\Oracle\Java\javapath;C:\WINDOWS\system32;C:\WINDOWS;C:\WINDOWS\System32\Wbem;C:\WINDOWS\System32\WindowsPowerShell\v1.0\;C:\WINDOWS\System32\OpenSSH\;C:\Program Files (x86)\Microsoft SQL Server\160\Tools\Binn\;C:\Program Files\Microsoft SQL Server\160\Tools\Binn\;C:\Program Files\Microsoft SQL Server\Client SDK\ODBC\170\Tools\Binn\;C:\Program Files\Microsoft SQL Server\160\DTS\Binn\;C:\Program Files (x86)\Microsoft SQL Server\160\DTS\Binn\;C:\Program Files\Azure Data Studio\bin;C:\Program Files\Java\jdk-17\bin;C:\Program Files\MySQL\MySQL Shell 8.0\bin\;C:\Users\Vaibhavi\AppData\Local\Microsoft\WindowsApps;;C:\Program Files\Azure Data Studio\bin
USERNAME=Vaibhavi
OS=Windows_NT
PROCESSOR_IDENTIFIER=AMD64 Family 23 Model 104 Stepping 1, AuthenticAMD



---------------  S Y S T E M  ---------------

OS:
 Windows 11 , 64 bit Build 22621 (10.0.22621.2506)
OS uptime: 18 days 15:49 hours

CPU: total 12 (initial active 12) (12 cores per cpu, 2 threads per core) family 23 model 104 stepping 1 microcode 0x0, cx8, cmov, fxsr, ht, mmx, 3dnowpref, sse, sse2, sse3, ssse3, sse4a, sse4.1, sse4.2, popcnt, lzcnt, tsc, tscinvbit, avx, avx2, aes, clmul, bmi1, bmi2, adx, sha, fma, vzeroupper, clflush, clflushopt

Memory: 4k page, system-wide physical 7502M (193M free)
TotalPageFile size 30030M (AvailPageFile size 5M)
current process WorkingSet (physical memory assigned to process): 81M, peak: 81M
current process commit charge ("private bytes"): 223M, peak: 223M

vm_info: Java HotSpot(TM) 64-Bit Server VM (17.0.9+11-LTS-201) for windows-amd64 JRE (17.0.9+11-LTS-201), built on Oct 10 2023 23:16:06 by "mach5one" with MS VC++ 17.1 (VS2022)

END.
